<?xml version="1.0" encoding="UTF-8"?>
<testsuite name="CarrinhoDeComprasTeste" tests="3" skipped="0" failures="0" errors="0" timestamp="2022-04-11T23:56:45" hostname="DESKTOP-IIEEB59" time="0.022">
  <properties/>
  <testcase name="DeveCalcularTotalComDoisProdutos()" classname="CarrinhoDeComprasTeste" time="0.018"/>
  <testcase name="DeveCalcularValorTotalQuandoUmItemForCancelado()" classname="CarrinhoDeComprasTeste" time="0.001"/>
  <testcase name="DeveCalcularValorTotalASerPagoQuandoOCarrinhoEstaVazio()" classname="CarrinhoDeComprasTeste" time="0.001"/>
  <system-out><![CDATA[]]></system-out>
  <system-err><![CDATA[]]></system-err>
</testsuite>
